<?xml version="1.0" encoding="UTF-8"?>
<!-- Generated by org.testng.reporters.JUnitReportReporter -->
<testsuite hostname="DESKTOP-GJF3TG7" failures="0" tests="1" name="testrunner.HomepageTestRunner" time="66.161" errors="0" timestamp="2025-04-30T10:48:48 IST" skipped="0">
  <testcase classname="testrunner.HomepageTestRunner" name="runScenario" time="66.161"/>
</testsuite> <!-- testrunner.HomepageTestRunner -->
